<?xml version="1.0" encoding="UTF-8"?>
<!-- Generated by org.testng.reporters.JUnitXMLReporter -->
<testsuite ignored="28" hostname="DESKTOP-CAGR1II" failures="1" tests="3" name="Test" time="38.83" errors="0" timestamp="2022-10-08T20:21:11 ART">
  <testcase classname="com.mystore.testcases.LoginPageTest" name="loginTest" time="4.739"/>
  <testcase classname="com.mystore.testcases.AccountCreationPageTest" name="createNewAccountTest" time="2.468">
    <failure type="java.lang.AssertionError" message="expected [true] but found [false]">
      <![CDATA[java.lang.AssertionError: expected [true] but found [false]
at com.mystore.testcases.AccountCreationPageTest.createNewAccountTest(AccountCreationPageTest.java:30)
at java.base/java.util.ArrayList.forEach(ArrayList.java:1511)
... Removed 29 stack frames]]>
    </failure>
  </testcase> <!-- createNewAccountTest -->
  <testcase classname="com.mystore.testcases.AddToCartPageTest" name="addToCartTest" time="6.765"/>
  <testcase classname="com.mystore.testcases.IndexPageTest" name="veryfyLogo" time="0.0">
    <ignored/>
  </testcase> <!-- veryfyLogo -->
  <testcase classname="com.mystore.testcases.IndexPageTest" name="verifyTitle" time="0.0">
    <ignored/>
  </testcase> <!-- verifyTitle -->
  <testcase classname="com.mystore.testcases.HomePageTest" name="wishListTest" time="0.0">
    <ignored/>
  </testcase> <!-- wishListTest -->
  <testcase classname="com.mystore.testcases.EndToEndTest" name="endToEndTest" time="0.0">
    <ignored/>
  </testcase> <!-- endToEndTest -->
  <testcase classname="com.mystore.testcases.OrderPageTest" name="totalPriceTest" time="0.0">
    <ignored/>
  </testcase> <!-- totalPriceTest -->
  <testcase classname="com.mystore.base.BaseClass" name="@BeforeSuite readConfig" time="0.0">
    <ignored/>
  </testcase> <!-- @BeforeSuite readConfig -->
  <testcase classname="com.mystore.base.BaseClass" name="@BeforeSuite readConfig" time="0.0">
    <ignored/>
  </testcase> <!-- @BeforeSuite readConfig -->
  <testcase classname="com.mystore.base.BaseClass" name="@BeforeSuite readConfig" time="0.0">
    <ignored/>
  </testcase> <!-- @BeforeSuite readConfig -->
  <testcase classname="com.mystore.base.BaseClass" name="@BeforeSuite readConfig" time="0.0">
    <ignored/>
  </testcase> <!-- @BeforeSuite readConfig -->
  <testcase classname="com.mystore.base.BaseClass" name="@BeforeSuite readConfig" time="0.0">
    <ignored/>
  </testcase> <!-- @BeforeSuite readConfig -->
  <testcase classname="com.mystore.base.BaseClass" name="@BeforeSuite readConfig" time="0.0">
    <ignored/>
  </testcase> <!-- @BeforeSuite readConfig -->
  <testcase classname="com.mystore.base.BaseClass" name="@BeforeSuite readConfig" time="0.0">
    <ignored/>
  </testcase> <!-- @BeforeSuite readConfig -->
  <testcase classname="com.mystore.testcases.HomePageTest" name="orderHistoryTest" time="0.0">
    <ignored/>
  </testcase> <!-- orderHistoryTest -->
  <testcase classname="com.mystore.base.BaseClass" name="@BeforeTest reportInit" time="0.0">
    <ignored/>
  </testcase> <!-- @BeforeTest reportInit -->
  <testcase classname="com.mystore.base.BaseClass" name="@BeforeTest reportInit" time="0.0">
    <ignored/>
  </testcase> <!-- @BeforeTest reportInit -->
  <testcase classname="com.mystore.base.BaseClass" name="@BeforeTest reportInit" time="0.0">
    <ignored/>
  </testcase> <!-- @BeforeTest reportInit -->
  <testcase classname="com.mystore.base.BaseClass" name="@BeforeTest reportInit" time="0.0">
    <ignored/>
  </testcase> <!-- @BeforeTest reportInit -->
  <testcase classname="com.mystore.base.BaseClass" name="@BeforeTest reportInit" time="0.0">
    <ignored/>
  </testcase> <!-- @BeforeTest reportInit -->
  <testcase classname="com.mystore.base.BaseClass" name="@BeforeTest reportInit" time="0.0">
    <ignored/>
  </testcase> <!-- @BeforeTest reportInit -->
  <testcase classname="com.mystore.base.BaseClass" name="@BeforeTest reportInit" time="0.0">
    <ignored/>
  </testcase> <!-- @BeforeTest reportInit -->
  <testcase classname="com.mystore.testcases.SearcResultPageTest" name="productAbailibilityTest" time="0.0">
    <ignored/>
  </testcase> <!-- productAbailibilityTest -->
  <testcase classname="com.mystore.base.BaseClass" name="@AfterTest reportEnd" time="0.0">
    <ignored/>
  </testcase> <!-- @AfterTest reportEnd -->
  <testcase classname="com.mystore.base.BaseClass" name="@AfterTest reportEnd" time="0.0">
    <ignored/>
  </testcase> <!-- @AfterTest reportEnd -->
  <testcase classname="com.mystore.base.BaseClass" name="@AfterTest reportEnd" time="0.0">
    <ignored/>
  </testcase> <!-- @AfterTest reportEnd -->
  <testcase classname="com.mystore.base.BaseClass" name="@AfterTest reportEnd" time="0.0">
    <ignored/>
  </testcase> <!-- @AfterTest reportEnd -->
  <testcase classname="com.mystore.base.BaseClass" name="@AfterTest reportEnd" time="0.0">
    <ignored/>
  </testcase> <!-- @AfterTest reportEnd -->
  <testcase classname="com.mystore.base.BaseClass" name="@AfterTest reportEnd" time="0.0">
    <ignored/>
  </testcase> <!-- @AfterTest reportEnd -->
  <testcase classname="com.mystore.base.BaseClass" name="@AfterTest reportEnd" time="0.0">
    <ignored/>
  </testcase> <!-- @AfterTest reportEnd -->
</testsuite> <!-- Test -->
